<?xml version="1.0" encoding="UTF-8"?>
<testng-results ignored="3" total="4" passed="1" failed="0" skipped="0">
  <reporter-output>
  </reporter-output>
  <suite started-at="2025-03-09T20:55:08Z" name="Suite" finished-at="2025-03-09T20:55:25Z" duration-ms="16261">
    <groups>
      <group name="ErrorHandling">
        <method signature="ErrorValidationsTest.LoginErrorValidation()[pri:0, instance:rahulshettyacademy.tests.ErrorValidationsTest@1e097d59]" name="LoginErrorValidation" class="rahulshettyacademy.tests.ErrorValidationsTest"/>
      </group> <!-- ErrorHandling -->
    </groups>
    <test started-at="2025-03-09T20:55:08Z" name="Submit Order Test" finished-at="2025-03-09T20:55:08Z" duration-ms="8">
    </test> <!-- Submit Order Test -->
    <test started-at="2025-03-09T20:55:08Z" name="Error Validations Test" finished-at="2025-03-09T20:55:25Z" duration-ms="16260">
      <class name="rahulshettyacademy.tests.ErrorValidationsTest">
        <test-method is-config="true" signature="launchApplication()[pri:0, instance:rahulshettyacademy.tests.ErrorValidationsTest@1e097d59]" started-at="2025-03-09T20:55:08Z" name="launchApplication" finished-at="2025-03-09T20:55:23Z" duration-ms="14173" status="PASS">
          <reporter-output>
          </reporter-output>
        </test-method> <!-- launchApplication -->
        <test-method signature="LoginErrorValidation()[pri:0, instance:rahulshettyacademy.tests.ErrorValidationsTest@1e097d59]" started-at="2025-03-09T20:55:23Z" name="LoginErrorValidation" finished-at="2025-03-09T20:55:23Z" duration-ms="743" status="PASS">
          <reporter-output>
          </reporter-output>
        </test-method> <!-- LoginErrorValidation -->
        <test-method is-config="true" signature="tearDown()[pri:0, instance:rahulshettyacademy.tests.ErrorValidationsTest@1e097d59]" started-at="2025-03-09T20:55:23Z" name="tearDown" finished-at="2025-03-09T20:55:25Z" duration-ms="1292" status="PASS">
          <reporter-output>
          </reporter-output>
        </test-method> <!-- tearDown -->
      </class> <!-- rahulshettyacademy.tests.ErrorValidationsTest -->
    </test> <!-- Error Validations Test -->
  </suite> <!-- Suite -->
</testng-results>
