<?xml version="1.0" encoding="UTF-8"?>
<testsuite xmlns:xsi="http://www.w3.org/2001/XMLSchema-instance" xsi:noNamespaceSchemaLocation="https://maven.apache.org/surefire/maven-surefire-plugin/xsd/surefire-test-report-3.0.xsd" version="3.0" name="TestSuite" time="68.4" tests="2" errors="0" skipped="1" failures="0">
  <properties>
[...]
</properties>
  <testcase name="LoginErrorValidation" classname="rahulshettyacademy.tests.ErrorValidationsTest" time="1.228">
    <system-err><![CDATA[SLF4J: Failed to load class "org.slf4j.impl.StaticLoggerBinder".
SLF4J: Defaulting to no-operation (NOP) logger implementation
SLF4J: See http://www.slf4j.org/codes.html#StaticLoggerBinder for further details.
1741554114029	geckodriver	INFO	Listening on 127.0.0.1:53877
1741554114415	mozrunner::runner	INFO	Running command: "C:\\Program Files\\Mozilla Firefox\\firefox.exe" "--marionette" "--remote-debugging-port" "52103" "--remote ... ow-origins" "http://localhost:52103/" "-no-remote" "-profile" "C:\\Users\\Admin\\AppData\\Local\\Temp\\rust_mozprofileOtNK2k"
console.warn: services.settings: Ignoring preference override of remote settings server
console.warn: services.settings: Allow by setting MOZ_REMOTE_SETTINGS_DEVTOOLS=1 in the environment
Dynamically enable window occlusion 0
1741554114968	Marionette	INFO	Marionette enabled
1741554115212	Marionette	INFO	Listening on port 50489
WebDriver BiDi listening on ws://127.0.0.1:52103
Read port: 50489
1741554115428	RemoteAgent	WARN	TLS certificate errors will be ignored for this session
Mar 09, 2025 5:01:58 PM org.openqa.selenium.remote.ProtocolHandshake createSession
INFO: Detected upstream dialect: W3C
console.warn: LoginRecipes: "Falling back to a synchronous message for: https://rahulshettyacademy.com."
console.warn: LoginRecipes: "Falling back to a synchronous message for: https://rahulshettyacademy.com."
1741554126759	geckodriver	INFO	Listening on 127.0.0.1:60066
1741554126792	mozrunner::runner	INFO	Running command: "C:\\Program Files\\Mozilla Firefox\\firefox.exe" "--marionette" "--remote-debugging-port" "65419" "--remote ... ow-origins" "http://localhost:65419/" "-no-remote" "-profile" "C:\\Users\\Admin\\AppData\\Local\\Temp\\rust_mozprofilezxOnls"
console.warn: services.settings: Ignoring preference override of remote settings server
console.warn: services.settings: Allow by setting MOZ_REMOTE_SETTINGS_DEVTOOLS=1 in the environment
Dynamically enable window occlusion 0
1741554127358	Marionette	INFO	Marionette enabled
1741554127624	Marionette	INFO	Listening on port 50611
WebDriver BiDi listening on ws://127.0.0.1:65419
Read port: 50611
1741554127951	RemoteAgent	WARN	TLS certificate errors will be ignored for this session
Mar 09, 2025 5:02:10 PM org.openqa.selenium.remote.ProtocolHandshake createSession
INFO: Detected upstream dialect: W3C
console.warn: LoginRecipes: "Falling back to a synchronous message for: https://rahulshettyacademy.com."
]]></system-err>
  </testcase>
  <testcase name="OrderHistoryTest" classname="rahulshettyacademy.tests.SubmitOrderTest" time="0">
    <skipped message="Method SubmitOrderTest.OrderHistoryTest()[pri:0, instance:rahulshettyacademy.tests.SubmitOrderTest@3571b748] depends on not successfully finished methods"/>
    <system-err><![CDATA[1741554136037	Marionette	INFO	Stopped listening on port 50611
Dynamically enable window occlusion 1
1741554138636	geckodriver	INFO	Listening on 127.0.0.1:59406
1741554138681	mozrunner::runner	INFO	Running command: "C:\\Program Files\\Mozilla Firefox\\firefox.exe" "--marionette" "--remote-debugging-port" "54006" "--remote ... ow-origins" "http://localhost:54006/" "-no-remote" "-profile" "C:\\Users\\Admin\\AppData\\Local\\Temp\\rust_mozprofileoN22Iv"
console.warn: services.settings: Ignoring preference override of remote settings server
console.warn: services.settings: Allow by setting MOZ_REMOTE_SETTINGS_DEVTOOLS=1 in the environment
Dynamically enable window occlusion 0
1741554139382	Marionette	INFO	Marionette enabled
1741554139665	Marionette	INFO	Listening on port 50856
WebDriver BiDi listening on ws://127.0.0.1:54006
Read port: 50856
1741554139952	RemoteAgent	WARN	TLS certificate errors will be ignored for this session
Mar 09, 2025 5:02:22 PM org.openqa.selenium.remote.ProtocolHandshake createSession
INFO: Detected upstream dialect: W3C
console.warn: LoginRecipes: "Falling back to a synchronous message for: https://rahulshettyacademy.com."
console.warn: LoginRecipes: "Falling back to a synchronous message for: https://rahulshettyacademy.com."
1741554149260	Marionette	INFO	Stopped listening on port 50856
Dynamically enable window occlusion 1
1741554152119	geckodriver	INFO	Listening on 127.0.0.1:61949
1741554152154	mozrunner::runner	INFO	Running command: "C:\\Program Files\\Mozilla Firefox\\firefox.exe" "--marionette" "--remote-debugging-port" "58509" "--remote ... ow-origins" "http://localhost:58509/" "-no-remote" "-profile" "C:\\Users\\Admin\\AppData\\Local\\Temp\\rust_mozprofileDKE968"
console.warn: services.settings: Ignoring preference override of remote settings server
console.warn: services.settings: Allow by setting MOZ_REMOTE_SETTINGS_DEVTOOLS=1 in the environment
Dynamically enable window occlusion 0
1741554152680	Marionette	INFO	Marionette enabled
1741554152926	Marionette	INFO	Listening on port 51016
WebDriver BiDi listening on ws://127.0.0.1:58509
Read port: 51016
1741554153156	RemoteAgent	WARN	TLS certificate errors will be ignored for this session
Mar 09, 2025 5:02:35 PM org.openqa.selenium.remote.ProtocolHandshake createSession
INFO: Detected upstream dialect: W3C
console.warn: LoginRecipes: "Falling back to a synchronous message for: https://rahulshettyacademy.com."
console.warn: LoginRecipes: "Falling back to a synchronous message for: https://rahulshettyacademy.com."
1741554161864	Marionette	INFO	Stopped listening on port 51016
Dynamically enable window occlusion 1
1741554164171	geckodriver	INFO	Listening on 127.0.0.1:49629
1741554164211	mozrunner::runner	INFO	Running command: "C:\\Program Files\\Mozilla Firefox\\firefox.exe" "--marionette" "--remote-debugging-port" "58618" "--remote ... ow-origins" "http://localhost:58618/" "-no-remote" "-profile" "C:\\Users\\Admin\\AppData\\Local\\Temp\\rust_mozprofileM7rp88"
console.warn: services.settings: Ignoring preference override of remote settings server
console.warn: services.settings: Allow by setting MOZ_REMOTE_SETTINGS_DEVTOOLS=1 in the environment
Dynamically enable window occlusion 0
1741554164789	Marionette	INFO	Marionette enabled
1741554165041	Marionette	INFO	Listening on port 51184
WebDriver BiDi listening on ws://127.0.0.1:58618
Read port: 51184
1741554165309	RemoteAgent	WARN	TLS certificate errors will be ignored for this session
Mar 09, 2025 5:02:47 PM org.openqa.selenium.remote.ProtocolHandshake createSession
INFO: Detected upstream dialect: W3C
console.warn: LoginRecipes: "Falling back to a synchronous message for: https://rahulshettyacademy.com."
console.warn: LoginRecipes: "Falling back to a synchronous message for: https://rahulshettyacademy.com."
1741554176702	Marionette	INFO	Stopped listening on port 51184
Dynamically enable window occlusion 1
]]></system-err>
  </testcase>
</testsuite>